2014-11-09 17:35:13,400 WARN org.apache.hadoop.util.NativeCodeLoader: Unable to load native-hadoop library for your platform... using builtin-java classes where applicable
2014-11-09 17:35:13,886 INFO org.apache.hadoop.conf.Configuration.deprecation: session.id is deprecated. Instead, use dfs.metrics.session-id
2014-11-09 17:35:13,887 INFO org.apache.hadoop.metrics.jvm.JvmMetrics: Initializing JVM Metrics with processName=JobTracker, sessionId=
2014-11-09 17:35:13,949 WARN org.apache.hadoop.security.UserGroupInformation: PriviledgedActionException as:cloudera (auth:SIMPLE) cause:org.apache.hadoop.mapred.FileAlreadyExistsException: Output directory file:/home/cloudera/workspace/maxTempeature2/output already exists
2014-11-09 17:35:34,791 WARN org.apache.hadoop.util.NativeCodeLoader: Unable to load native-hadoop library for your platform... using builtin-java classes where applicable
2014-11-09 17:35:35,263 INFO org.apache.hadoop.conf.Configuration.deprecation: session.id is deprecated. Instead, use dfs.metrics.session-id
2014-11-09 17:35:35,274 INFO org.apache.hadoop.metrics.jvm.JvmMetrics: Initializing JVM Metrics with processName=JobTracker, sessionId=
2014-11-09 17:35:35,359 WARN org.apache.hadoop.security.UserGroupInformation: PriviledgedActionException as:cloudera (auth:SIMPLE) cause:org.apache.hadoop.mapred.FileAlreadyExistsException: Output directory file:/home/cloudera/workspace/maxTempeature2/output already exists
2014-11-09 17:36:38,895 WARN org.apache.hadoop.util.NativeCodeLoader: Unable to load native-hadoop library for your platform... using builtin-java classes where applicable
2014-11-09 17:36:39,217 INFO org.apache.hadoop.conf.Configuration.deprecation: session.id is deprecated. Instead, use dfs.metrics.session-id
2014-11-09 17:36:39,220 INFO org.apache.hadoop.metrics.jvm.JvmMetrics: Initializing JVM Metrics with processName=JobTracker, sessionId=
2014-11-09 17:36:39,838 WARN org.apache.hadoop.mapreduce.JobSubmitter: Hadoop command-line option parsing not performed. Implement the Tool interface and execute your application with ToolRunner to remedy this.
2014-11-09 17:36:39,841 WARN org.apache.hadoop.mapreduce.JobSubmitter: No job jar file set.  User classes may not be found. See Job or Job#setJar(String).
2014-11-09 17:36:39,931 INFO org.apache.hadoop.mapreduce.lib.input.FileInputFormat: Total input paths to process : 1
2014-11-09 17:36:40,000 INFO org.apache.hadoop.mapreduce.JobSubmitter: number of splits:1
2014-11-09 17:36:40,431 INFO org.apache.hadoop.mapreduce.JobSubmitter: Submitting tokens for job: job_local165123922_0001
2014-11-09 17:36:40,581 WARN org.apache.hadoop.conf.Configuration: file:/tmp/hadoop-cloudera/mapred/staging/cloudera165123922/.staging/job_local165123922_0001/job.xml:an attempt to override final parameter: mapreduce.job.end-notification.max.retry.interval;  Ignoring.
2014-11-09 17:36:40,582 WARN org.apache.hadoop.conf.Configuration: file:/tmp/hadoop-cloudera/mapred/staging/cloudera165123922/.staging/job_local165123922_0001/job.xml:an attempt to override final parameter: mapreduce.job.end-notification.max.attempts;  Ignoring.
2014-11-09 17:36:41,097 WARN org.apache.hadoop.conf.Configuration: file:/tmp/hadoop-cloudera/mapred/local/localRunner/cloudera/job_local165123922_0001/job_local165123922_0001.xml:an attempt to override final parameter: mapreduce.job.end-notification.max.retry.interval;  Ignoring.
2014-11-09 17:36:41,098 WARN org.apache.hadoop.conf.Configuration: file:/tmp/hadoop-cloudera/mapred/local/localRunner/cloudera/job_local165123922_0001/job_local165123922_0001.xml:an attempt to override final parameter: mapreduce.job.end-notification.max.attempts;  Ignoring.
2014-11-09 17:36:41,130 INFO org.apache.hadoop.mapreduce.Job: The url to track the job: http://localhost:8080/
2014-11-09 17:36:41,131 INFO org.apache.hadoop.mapreduce.Job: Running job: job_local165123922_0001
2014-11-09 17:36:41,137 INFO org.apache.hadoop.mapred.LocalJobRunner: OutputCommitter set in config null
2014-11-09 17:36:41,160 INFO org.apache.hadoop.mapred.LocalJobRunner: OutputCommitter is org.apache.hadoop.mapreduce.lib.output.FileOutputCommitter
2014-11-09 17:36:41,321 INFO org.apache.hadoop.mapred.LocalJobRunner: Waiting for map tasks
2014-11-09 17:36:41,322 INFO org.apache.hadoop.mapred.LocalJobRunner: Starting task: attempt_local165123922_0001_m_000000_0
2014-11-09 17:36:41,545 INFO org.apache.hadoop.mapred.Task:  Using ResourceCalculatorProcessTree : [ ]
2014-11-09 17:36:41,548 INFO org.apache.hadoop.mapred.MapTask: Processing split: file:/home/cloudera/workspace/maxTempeature2/input/sample.txt:0+529
2014-11-09 17:36:41,558 INFO org.apache.hadoop.mapred.MapTask: Map output collector class = org.apache.hadoop.mapred.MapTask$MapOutputBuffer
2014-11-09 17:36:41,604 INFO org.apache.hadoop.mapred.MapTask: (EQUATOR) 0 kvi 26214396(104857584)
2014-11-09 17:36:41,604 INFO org.apache.hadoop.mapred.MapTask: mapreduce.task.io.sort.mb: 100
2014-11-09 17:36:41,604 INFO org.apache.hadoop.mapred.MapTask: soft limit at 83886080
2014-11-09 17:36:41,604 INFO org.apache.hadoop.mapred.MapTask: bufstart = 0; bufvoid = 104857600
2014-11-09 17:36:41,604 INFO org.apache.hadoop.mapred.MapTask: kvstart = 26214396; length = 6553600
2014-11-09 17:36:41,613 INFO org.apache.hadoop.mapred.LocalJobRunner: 
2014-11-09 17:36:41,613 INFO org.apache.hadoop.mapred.MapTask: Starting flush of map output
2014-11-09 17:36:41,613 INFO org.apache.hadoop.mapred.MapTask: Spilling map output
2014-11-09 17:36:41,613 INFO org.apache.hadoop.mapred.MapTask: bufstart = 0; bufend = 45; bufvoid = 104857600
2014-11-09 17:36:41,614 INFO org.apache.hadoop.mapred.MapTask: kvstart = 26214396(104857584); kvend = 26214380(104857520); length = 17/6553600
2014-11-09 17:36:41,632 INFO org.apache.hadoop.mapred.MapTask: Finished spill 0
2014-11-09 17:36:41,634 INFO org.apache.hadoop.mapred.Task: Task:attempt_local165123922_0001_m_000000_0 is done. And is in the process of committing
2014-11-09 17:36:41,639 INFO org.apache.hadoop.mapred.LocalJobRunner: map
2014-11-09 17:36:41,640 INFO org.apache.hadoop.mapred.Task: Task 'attempt_local165123922_0001_m_000000_0' done.
2014-11-09 17:36:41,640 INFO org.apache.hadoop.mapred.LocalJobRunner: Finishing task: attempt_local165123922_0001_m_000000_0
2014-11-09 17:36:41,640 INFO org.apache.hadoop.mapred.LocalJobRunner: map task executor complete.
2014-11-09 17:36:41,642 INFO org.apache.hadoop.mapred.LocalJobRunner: Waiting for reduce tasks
2014-11-09 17:36:41,642 INFO org.apache.hadoop.mapred.LocalJobRunner: Starting task: attempt_local165123922_0001_r_000000_0
2014-11-09 17:36:41,654 INFO org.apache.hadoop.mapred.Task:  Using ResourceCalculatorProcessTree : [ ]
2014-11-09 17:36:41,657 INFO org.apache.hadoop.mapred.ReduceTask: Using ShuffleConsumerPlugin: org.apache.hadoop.mapreduce.task.reduce.Shuffle@149c6d8a
2014-11-09 17:36:41,677 INFO org.apache.hadoop.mapreduce.task.reduce.MergeManagerImpl: MergerManager: memoryLimit=679778688, maxSingleShuffleLimit=169944672, mergeThreshold=448653952, ioSortFactor=10, memToMemMergeOutputsThreshold=10
2014-11-09 17:36:41,682 INFO org.apache.hadoop.mapreduce.task.reduce.EventFetcher: attempt_local165123922_0001_r_000000_0 Thread started: EventFetcher for fetching Map Completion Events
2014-11-09 17:36:41,709 INFO org.apache.hadoop.mapreduce.task.reduce.LocalFetcher: localfetcher#1 about to shuffle output of map attempt_local165123922_0001_m_000000_0 decomp: 57 len: 61 to MEMORY
2014-11-09 17:36:41,738 INFO org.apache.hadoop.mapreduce.task.reduce.InMemoryMapOutput: Read 57 bytes from map-output for attempt_local165123922_0001_m_000000_0
2014-11-09 17:36:41,780 INFO org.apache.hadoop.mapreduce.task.reduce.MergeManagerImpl: closeInMemoryFile -> map-output of size: 57, inMemoryMapOutputs.size() -> 1, commitMemory -> 0, usedMemory ->57
2014-11-09 17:36:41,791 INFO org.apache.hadoop.mapreduce.task.reduce.EventFetcher: EventFetcher is interrupted.. Returning
2014-11-09 17:36:41,791 INFO org.apache.hadoop.mapred.LocalJobRunner: 1 / 1 copied.
2014-11-09 17:36:41,791 INFO org.apache.hadoop.mapreduce.task.reduce.MergeManagerImpl: finalMerge called with 1 in-memory map-outputs and 0 on-disk map-outputs
2014-11-09 17:36:41,796 INFO org.apache.hadoop.mapred.Merger: Merging 1 sorted segments
2014-11-09 17:36:41,796 INFO org.apache.hadoop.mapred.Merger: Down to the last merge-pass, with 1 segments left of total size: 50 bytes
2014-11-09 17:36:41,797 INFO org.apache.hadoop.mapreduce.task.reduce.MergeManagerImpl: Merged 1 segments, 57 bytes to disk to satisfy reduce memory limit
2014-11-09 17:36:41,798 INFO org.apache.hadoop.mapreduce.task.reduce.MergeManagerImpl: Merging 1 files, 61 bytes from disk
2014-11-09 17:36:41,799 INFO org.apache.hadoop.mapreduce.task.reduce.MergeManagerImpl: Merging 0 segments, 0 bytes from memory into reduce
2014-11-09 17:36:41,799 INFO org.apache.hadoop.mapred.Merger: Merging 1 sorted segments
2014-11-09 17:36:41,799 INFO org.apache.hadoop.mapred.Merger: Down to the last merge-pass, with 1 segments left of total size: 50 bytes
2014-11-09 17:36:41,799 INFO org.apache.hadoop.mapred.LocalJobRunner: 1 / 1 copied.
2014-11-09 17:36:41,810 INFO org.apache.hadoop.conf.Configuration.deprecation: mapred.skip.on is deprecated. Instead, use mapreduce.job.skiprecords
2014-11-09 17:36:41,815 INFO org.apache.hadoop.mapred.Task: Task:attempt_local165123922_0001_r_000000_0 is done. And is in the process of committing
2014-11-09 17:36:41,817 INFO org.apache.hadoop.mapred.LocalJobRunner: 1 / 1 copied.
2014-11-09 17:36:41,817 INFO org.apache.hadoop.mapred.Task: Task attempt_local165123922_0001_r_000000_0 is allowed to commit now
2014-11-09 17:36:41,818 INFO org.apache.hadoop.mapreduce.lib.output.FileOutputCommitter: Saved output of task 'attempt_local165123922_0001_r_000000_0' to file:/home/cloudera/workspace/maxTempeature2/output/_temporary/0/task_local165123922_0001_r_000000
2014-11-09 17:36:41,819 INFO org.apache.hadoop.mapred.LocalJobRunner: reduce > reduce
2014-11-09 17:36:41,819 INFO org.apache.hadoop.mapred.Task: Task 'attempt_local165123922_0001_r_000000_0' done.
2014-11-09 17:36:41,819 INFO org.apache.hadoop.mapred.LocalJobRunner: Finishing task: attempt_local165123922_0001_r_000000_0
2014-11-09 17:36:41,819 INFO org.apache.hadoop.mapred.LocalJobRunner: reduce task executor complete.
2014-11-09 17:36:42,133 INFO org.apache.hadoop.mapreduce.Job: Job job_local165123922_0001 running in uber mode : false
2014-11-09 17:36:42,135 INFO org.apache.hadoop.mapreduce.Job:  map 100% reduce 100%
2014-11-09 17:36:42,135 INFO org.apache.hadoop.mapreduce.Job: Job job_local165123922_0001 completed successfully
2014-11-09 17:36:42,143 INFO org.apache.hadoop.mapreduce.Job: Counters: 33
	File System Counters
		FILE: Number of bytes read=1576
		FILE: Number of bytes written=430168
		FILE: Number of read operations=0
		FILE: Number of large read operations=0
		FILE: Number of write operations=0
	Map-Reduce Framework
		Map input records=5
		Map output records=5
		Map output bytes=45
		Map output materialized bytes=61
		Input split bytes=126
		Combine input records=0
		Combine output records=0
		Reduce input groups=2
		Reduce shuffle bytes=61
		Reduce input records=5
		Reduce output records=2
		Spilled Records=10
		Shuffled Maps =1
		Failed Shuffles=0
		Merged Map outputs=1
		GC time elapsed (ms)=22
		CPU time spent (ms)=0
		Physical memory (bytes) snapshot=0
		Virtual memory (bytes) snapshot=0
		Total committed heap usage (bytes)=331227136
	Shuffle Errors
		BAD_ID=0
		CONNECTION=0
		IO_ERROR=0
		WRONG_LENGTH=0
		WRONG_MAP=0
		WRONG_REDUCE=0
	File Input Format Counters 
		Bytes Read=529
	File Output Format Counters 
		Bytes Written=29
